<?xml version="1.0" encoding="UTF-8"?>
<testsuite name="com.eoi.pattern.test" tests="1" skipped="0" failures="0" errors="0" timestamp="2020-09-23T08:46:01" hostname="longzhanqishis-MacBook-Pro.local" time="0.009">
  <properties/>
  <testcase name="test" classname="com.eoi.pattern.test" time="0.009"/>
  <system-out><![CDATA[8
]]></system-out>
  <system-err><![CDATA[]]></system-err>
</testsuite>
